<?xml version="1.0" encoding="UTF-8"?>
<!-- Generated by org.testng.reporters.JUnitReportReporter -->
<testsuite hostname="K520LTRV" failures="0" tests="2" name="com.ust.pharmeasy.tests.VerifyPrescriptionRequiredProducts" time="40.034" errors="0" timestamp="2024-06-10T22:36:48 IST" skipped="0">
  <testcase classname="com.ust.pharmeasy.tests.VerifyPrescriptionRequiredProducts" name="verifyPrescriptionRequiredIcon" time="14.414"/>
  <testcase classname="com.ust.pharmeasy.tests.VerifyPrescriptionRequiredProducts" name="verifyPrescriptionNotRequiredIcon" time="25.620"/>
</testsuite> <!-- com.ust.pharmeasy.tests.VerifyPrescriptionRequiredProducts -->
