<?xml version="1.0" encoding="UTF-8"?>
<!-- Generated by org.testng.reporters.JUnitReportReporter -->
<testsuite hostname="K520LTRV" failures="0" tests="1" name="com.ust.pharmeasy.tests.DiscountTest" time="9.529" errors="0" timestamp="2024-06-09T10:34:04 IST" skipped="0">
  <testcase classname="com.ust.pharmeasy.tests.DiscountTest" name="discountTest" time="9.529"/>
</testsuite> <!-- com.ust.pharmeasy.tests.DiscountTest -->
