<?xml version="1.0" encoding="UTF-8"?>
<!-- Generated by org.testng.reporters.JUnitReportReporter -->
<testsuite hostname="K520LTRV" failures="0" tests="1" name="com.ust.pharmeasy.tests.FilterTest" time="10.136" errors="0" timestamp="2024-06-09T10:34:04 IST" skipped="0">
  <testcase classname="com.ust.pharmeasy.tests.FilterTest" name="testProductFilter" time="10.136"/>
</testsuite> <!-- com.ust.pharmeasy.tests.FilterTest -->
