<?xml version="1.0" encoding="UTF-8"?>
<!-- Generated by org.testng.reporters.JUnitReportReporter -->
<testsuite hostname="K520LTRV" failures="0" tests="4" name="com.ust.pharmeasy.tests.PlusTest" time="16.320" errors="0" timestamp="2024-06-09T10:34:04 IST" skipped="0">
  <testcase classname="com.ust.pharmeasy.tests.PlusTest" name="openpluspage" time="9.433"/>
  <testcase classname="com.ust.pharmeasy.tests.PlusTest" name="slider" time="2.253"/>
  <testcase classname="com.ust.pharmeasy.tests.PlusTest" name="slider" time="2.185"/>
  <testcase classname="com.ust.pharmeasy.tests.PlusTest" name="slider" time="2.449"/>
</testsuite> <!-- com.ust.pharmeasy.tests.PlusTest -->
